<?xml version="1.0" encoding="UTF-8"?>
<testng-results skipped="0" failed="0" ignored="0" total="1" passed="1">
  <reporter-output>
  </reporter-output>
  <suite name="SimpleTest" duration-ms="33460" started-at="2018-07-13T13:38:39Z" finished-at="2018-07-13T13:39:13Z">
    <groups>
    </groups>
    <test name="MyTest" duration-ms="33460" started-at="2018-07-13T13:38:39Z" finished-at="2018-07-13T13:39:13Z">
      <class name="by.htp.quizfull.MailRuTest">
        <test-method status="PASS" signature="getDriver()[pri:0, instance:by.htp.quizfull.MailRuTest@c267ef4]" name="getDriver" is-config="true" duration-ms="7624" started-at="2018-07-13T16:38:39Z" finished-at="2018-07-13T16:38:47Z">
          <reporter-output>
          </reporter-output>
        </test-method> <!-- getDriver -->
        <test-method status="PASS" signature="testMainRu()[pri:0, instance:by.htp.quizfull.MailRuTest@c267ef4]" name="testMainRu" duration-ms="22035" started-at="2018-07-13T16:38:47Z" finished-at="2018-07-13T16:39:09Z">
          <reporter-output>
          </reporter-output>
        </test-method> <!-- testMainRu -->
        <test-method status="PASS" signature="quiteDriver()[pri:0, instance:by.htp.quizfull.MailRuTest@c267ef4]" name="quiteDriver" is-config="true" duration-ms="3716" started-at="2018-07-13T16:39:09Z" finished-at="2018-07-13T16:39:13Z">
          <reporter-output>
          </reporter-output>
        </test-method> <!-- quiteDriver -->
      </class> <!-- by.htp.quizfull.MailRuTest -->
    </test> <!-- MyTest -->
  </suite> <!-- SimpleTest -->
</testng-results>
